# JRE version: Java(TM) SE Runtime Environment (8.0_144-b01) (build 1.8.0_144-b01)
# Java VM: Java HotSpot(TM) 64-Bit Server VM (25.144-b01 mixed mode windows-amd64 compressed oops)
Heap:
 PSYoungGen      total 250880K, used 137675K [0x00000000eab00000, 0x00000000fb800000, 0x0000000100000000)
  eden space 235008K, 58% used [0x00000000eab00000,0x00000000f3172c98,0x00000000f9080000)
  from space 15872K, 0% used [0x00000000fa200000,0x00000000fa200000,0x00000000fb180000)
  to   space 17920K, 0% used [0x00000000f9080000,0x00000000f9080000,0x00000000fa200000)
 ParOldGen       total 110080K, used 21869K [0x00000000c0000000, 0x00000000c6b80000, 0x00000000eab00000)
  object space 110080K, 19% used [0x00000000c0000000,0x00000000c155b5f8,0x00000000c6b80000)
 Metaspace       used 39092K, capacity 39914K, committed 40104K, reserved 1083392K
  class space    used 5491K, capacity 5704K, committed 5808K, reserved 1048576K
GC Heap History (10 events):
Event: 3.214 GC heap before
{Heap before GC invocations=4 (full 1):
 PSYoungGen      total 76288K, used 8665K [0x00000000eab00000, 0x00000000f4000000, 0x0000000100000000)
  eden space 65536K, 0% used [0x00000000eab00000,0x00000000eab00000,0x00000000eeb00000)
  from space 10752K, 80% used [0x00000000eeb00000,0x00000000ef376600,0x00000000ef580000)
  to   space 10752K, 0% used [0x00000000f3580000,0x00000000f3580000,0x00000000f4000000)
 ParOldGen       total 175104K, used 32K [0x00000000c0000000, 0x00000000cab00000, 0x00000000eab00000)
  object space 175104K, 0% used [0x00000000c0000000,0x00000000c0008000,0x00000000cab00000)
 Metaspace       used 20878K, capacity 21196K, committed 21296K, reserved 1067008K
  class space    used 2959K, capacity 3078K, committed 3120K, reserved 1048576K
Event: 3.246 GC heap after
Heap after GC invocations=4 (full 1):
 PSYoungGen      total 76288K, used 0K [0x00000000eab00000, 0x00000000f4000000, 0x0000000100000000)
  eden space 65536K, 0% used [0x00000000eab00000,0x00000000eab00000,0x00000000eeb00000)
  from space 10752K, 0% used [0x00000000eeb00000,0x00000000eeb00000,0x00000000ef580000)
  to   space 10752K, 0% used [0x00000000f3580000,0x00000000f3580000,0x00000000f4000000)
 ParOldGen       total 79872K, used 8432K [0x00000000c0000000, 0x00000000c4e00000, 0x00000000eab00000)
  object space 79872K, 10% used [0x00000000c0000000,0x00000000c083c138,0x00000000c4e00000)
 Metaspace       used 20878K, capacity 21196K, committed 21296K, reserved 1067008K
  class space    used 2959K, capacity 3078K, committed 3120K, reserved 1048576K
}
Event: 3.817 GC heap before
{Heap before GC invocations=5 (full 1):
 PSYoungGen      total 76288K, used 65536K [0x00000000eab00000, 0x00000000f4000000, 0x0000000100000000)
  eden space 65536K, 100% used [0x00000000eab00000,0x00000000eeb00000,0x00000000eeb00000)
  from space 10752K, 0% used [0x00000000eeb00000,0x00000000eeb00000,0x00000000ef580000)
  to   space 10752K, 0% used [0x00000000f3580000,0x00000000f3580000,0x00000000f4000000)
 ParOldGen       total 79872K, used 8432K [0x00000000c0000000, 0x00000000c4e00000, 0x00000000eab00000)
  object space 79872K, 10% used [0x00000000c0000000,0x00000000c083c138,0x00000000c4e00000)
 Metaspace       used 25668K, capacity 26076K, committed 26416K, reserved 1071104K
  class space    used 3626K, capacity 3764K, committed 3888K, reserved 1048576K
Event: 3.859 GC heap after
Heap after GC invocations=5 (full 1):
 PSYoungGen      total 132096K, used 6547K [0x00000000eab00000, 0x00000000f3c00000, 0x0000000100000000)
  eden space 125440K, 0% used [0x00000000eab00000,0x00000000eab00000,0x00000000f2580000)
  from space 6656K, 98% used [0x00000000f3580000,0x00000000f3be4fb0,0x00000000f3c00000)
  to   space 10752K, 0% used [0x00000000f2700000,0x00000000f2700000,0x00000000f3180000)
 ParOldGen       total 79872K, used 8440K [0x00000000c0000000, 0x00000000c4e00000, 0x00000000eab00000)
  object space 79872K, 10% used [0x00000000c0000000,0x00000000c083e138,0x00000000c4e00000)
 Metaspace       used 25668K, capacity 26076K, committed 26416K, reserved 1071104K
  class space    used 3626K, capacity 3764K, committed 3888K, reserved 1048576K
}
Event: 5.449 GC heap before
{Heap before GC invocations=6 (full 1):
 PSYoungGen      total 132096K, used 131987K [0x00000000eab00000, 0x00000000f3c00000, 0x0000000100000000)
  eden space 125440K, 100% used [0x00000000eab00000,0x00000000f2580000,0x00000000f2580000)
  from space 6656K, 98% used [0x00000000f3580000,0x00000000f3be4fb0,0x00000000f3c00000)
  to   space 10752K, 0% used [0x00000000f2700000,0x00000000f2700000,0x00000000f3180000)
 ParOldGen       total 79872K, used 8440K [0x00000000c0000000, 0x00000000c4e00000, 0x00000000eab00000)
  object space 79872K, 10% used [0x00000000c0000000,0x00000000c083e138,0x00000000c4e00000)
 Metaspace       used 33925K, capacity 34470K, committed 34608K, reserved 1079296K
  class space    used 4697K, capacity 4888K, committed 4912K, reserved 1048576K
Event: 5.474 GC heap after
Heap after GC invocations=6 (full 1):
 PSYoungGen      total 137728K, used 10736K [0x00000000eab00000, 0x00000000fb180000, 0x0000000100000000)
  eden space 126976K, 0% used [0x00000000eab00000,0x00000000eab00000,0x00000000f2700000)
  from space 10752K, 99% used [0x00000000f2700000,0x00000000f317c0e0,0x00000000f3180000)
  to   space 15872K, 0% used [0x00000000fa200000,0x00000000fa200000,0x00000000fb180000)
 ParOldGen       total 79872K, used 13080K [0x00000000c0000000, 0x00000000c4e00000, 0x00000000eab00000)
  object space 79872K, 16% used [0x00000000c0000000,0x00000000c0cc6300,0x00000000c4e00000)
 Metaspace       used 33925K, capacity 34470K, committed 34608K, reserved 1079296K
  class space    used 4697K, capacity 4888K, committed 4912K, reserved 1048576K
}
Event: 5.652 GC heap before
{Heap before GC invocations=7 (full 1):
 PSYoungGen      total 137728K, used 40047K [0x00000000eab00000, 0x00000000fb180000, 0x0000000100000000)
  eden space 126976K, 23% used [0x00000000eab00000,0x00000000ec79fb30,0x00000000f2700000)
  from space 10752K, 99% used [0x00000000f2700000,0x00000000f317c0e0,0x00000000f3180000)
  to   space 15872K, 0% used [0x00000000fa200000,0x00000000fa200000,0x00000000fb180000)
 ParOldGen       total 79872K, used 13080K [0x00000000c0000000, 0x00000000c4e00000, 0x00000000eab00000)
  object space 79872K, 16% used [0x00000000c0000000,0x00000000c0cc6300,0x00000000c4e00000)
 Metaspace       used 34977K, capacity 35446K, committed 35496K, reserved 1079296K
  class space    used 4849K, capacity 5023K, committed 5040K, reserved 1048576K
Event: 5.665 GC heap after
Heap after GC invocations=7 (full 1):
 PSYoungGen      total 250880K, used 15046K [0x00000000eab00000, 0x00000000fb800000, 0x0000000100000000)
  eden space 235008K, 0% used [0x00000000eab00000,0x00000000eab00000,0x00000000f9080000)
  from space 15872K, 94% used [0x00000000fa200000,0x00000000fb0b1a68,0x00000000fb180000)
  to   space 17920K, 0% used [0x00000000f9080000,0x00000000f9080000,0x00000000fa200000)
 ParOldGen       total 79872K, used 13088K [0x00000000c0000000, 0x00000000c4e00000, 0x00000000eab00000)
  object space 79872K, 16% used [0x00000000c0000000,0x00000000c0cc8300,0x00000000c4e00000)
 Metaspace       used 34977K, capacity 35446K, committed 35496K, reserved 1079296K
  class space    used 4849K, capacity 5023K, committed 5040K, reserved 1048576K
}
Event: 5.665 GC heap before
{Heap before GC invocations=8 (full 2):
 PSYoungGen      total 250880K, used 15046K [0x00000000eab00000, 0x00000000fb800000, 0x0000000100000000)
  eden space 235008K, 0% used [0x00000000eab00000,0x00000000eab00000,0x00000000f9080000)
  from space 15872K, 94% used [0x00000000fa200000,0x00000000fb0b1a68,0x00000000fb180000)
  to   space 17920K, 0% used [0x00000000f9080000,0x00000000f9080000,0x00000000fa200000)
 ParOldGen       total 79872K, used 13088K [0x00000000c0000000, 0x00000000c4e00000, 0x00000000eab00000)
  object space 79872K, 16% used [0x00000000c0000000,0x00000000c0cc8300,0x00000000c4e00000)
 Metaspace       used 34977K, capacity 35446K, committed 35496K, reserved 1079296K
  class space    used 4849K, capacity 5023K, committed 5040K, reserved 1048576K
Event: 5.728 GC heap after
Heap after GC invocations=8 (full 2):
 PSYoungGen      total 250880K, used 0K [0x00000000eab00000, 0x00000000fb800000, 0x0000000100000000)
  eden space 235008K, 0% used [0x00000000eab00000,0x00000000eab00000,0x00000000f9080000)
  from space 15872K, 0% used [0x00000000fa200000,0x00000000fa200000,0x00000000fb180000)
  to   space 17920K, 0% used [0x00000000f9080000,0x00000000f9080000,0x00000000fa200000)
 ParOldGen       total 110080K, used 21869K [0x00000000c0000000, 0x00000000c6b80000, 0x00000000eab00000)
  object space 110080K, 19% used [0x00000000c0000000,0x00000000c155b5f8,0x00000000c6b80000)
 Metaspace       used 34977K, capacity 35446K, committed 35496K, reserved 1079296K
  class space    used 4849K, capacity 5023K, committed 5040K, reserved 1048576K
}

