# JRE version: Java(TM) SE Runtime Environment (8.0_144-b01) (build 1.8.0_144-b01)
# Java VM: Java HotSpot(TM) 64-Bit Server VM (25.144-b01 mixed mode windows-amd64 compressed oops)
Heap:
 PSYoungGen      total 282624K, used 59292K [0x00000000eab00000, 0x0000000100000000, 0x0000000100000000)
  eden space 231936K, 25% used [0x00000000eab00000,0x00000000ee4e7088,0x00000000f8d80000)
  from space 50688K, 0% used [0x00000000f8d80000,0x00000000f8d80000,0x00000000fbf00000)
  to   space 55808K, 0% used [0x00000000fc980000,0x00000000fc980000,0x0000000100000000)
 ParOldGen       total 361472K, used 109249K [0x00000000c0000000, 0x00000000d6100000, 0x00000000eab00000)
  object space 361472K, 30% used [0x00000000c0000000,0x00000000c6ab0798,0x00000000d6100000)
 Metaspace       used 56065K, capacity 59628K, committed 59672K, reserved 1099776K
  class space    used 8286K, capacity 9382K, committed 9392K, reserved 1048576K
GC Heap History (10 events):
Event: 15.421 GC heap before
{Heap before GC invocations=12 (full 2):
 PSYoungGen      total 188416K, used 188384K [0x00000000eab00000, 0x00000000fb080000, 0x0000000100000000)
  eden space 167936K, 100% used [0x00000000eab00000,0x00000000f4f00000,0x00000000f4f00000)
  from space 20480K, 99% used [0x00000000f4f00000,0x00000000f62f8060,0x00000000f6300000)
  to   space 31744K, 0% used [0x00000000f9180000,0x00000000f9180000,0x00000000fb080000)
 ParOldGen       total 195584K, used 50688K [0x00000000c0000000, 0x00000000cbf00000, 0x00000000eab00000)
  object space 195584K, 25% used [0x00000000c0000000,0x00000000c3180178,0x00000000cbf00000)
 Metaspace       used 53864K, capacity 57194K, committed 57256K, reserved 1097728K
  class space    used 8052K, capacity 9091K, committed 9136K, reserved 1048576K
Event: 15.462 GC heap after
Heap after GC invocations=12 (full 2):
 PSYoungGen      total 226304K, used 31736K [0x00000000eab00000, 0x00000000fc280000, 0x0000000100000000)
  eden space 194560K, 0% used [0x00000000eab00000,0x00000000eab00000,0x00000000f6900000)
  from space 31744K, 99% used [0x00000000f9180000,0x00000000fb07e218,0x00000000fb080000)
  to   space 41472K, 0% used [0x00000000f6900000,0x00000000f6900000,0x00000000f9180000)
 ParOldGen       total 195584K, used 65028K [0x00000000c0000000, 0x00000000cbf00000, 0x00000000eab00000)
  object space 195584K, 33% used [0x00000000c0000000,0x00000000c3f81288,0x00000000cbf00000)
 Metaspace       used 53864K, capacity 57194K, committed 57256K, reserved 1097728K
  class space    used 8052K, capacity 9091K, committed 9136K, reserved 1048576K
}
Event: 17.082 GC heap before
{Heap before GC invocations=13 (full 2):
 PSYoungGen      total 226304K, used 226296K [0x00000000eab00000, 0x00000000fc280000, 0x0000000100000000)
  eden space 194560K, 100% used [0x00000000eab00000,0x00000000f6900000,0x00000000f6900000)
  from space 31744K, 99% used [0x00000000f9180000,0x00000000fb07e218,0x00000000fb080000)
  to   space 41472K, 0% used [0x00000000f6900000,0x00000000f6900000,0x00000000f9180000)
 ParOldGen       total 195584K, used 65028K [0x00000000c0000000, 0x00000000cbf00000, 0x00000000eab00000)
  object space 195584K, 33% used [0x00000000c0000000,0x00000000c3f81288,0x00000000cbf00000)
 Metaspace       used 53887K, capacity 57258K, committed 57512K, reserved 1097728K
  class space    used 8055K, capacity 9091K, committed 9136K, reserved 1048576K
Event: 17.126 GC heap after
Heap after GC invocations=13 (full 2):
 PSYoungGen      total 236032K, used 33483K [0x00000000eab00000, 0x00000000fec00000, 0x0000000100000000)
  eden space 194560K, 0% used [0x00000000eab00000,0x00000000eab00000,0x00000000f6900000)
  from space 41472K, 80% used [0x00000000f6900000,0x00000000f89b2ec8,0x00000000f9180000)
  to   space 45056K, 0% used [0x00000000fc000000,0x00000000fc000000,0x00000000fec00000)
 ParOldGen       total 195584K, used 76080K [0x00000000c0000000, 0x00000000cbf00000, 0x00000000eab00000)
  object space 195584K, 38% used [0x00000000c0000000,0x00000000c4a4c328,0x00000000cbf00000)
 Metaspace       used 53887K, capacity 57258K, committed 57512K, reserved 1097728K
  class space    used 8055K, capacity 9091K, committed 9136K, reserved 1048576K
}
Event: 29.383 GC heap before
{Heap before GC invocations=14 (full 2):
 PSYoungGen      total 236032K, used 228043K [0x00000000eab00000, 0x00000000fec00000, 0x0000000100000000)
  eden space 194560K, 100% used [0x00000000eab00000,0x00000000f6900000,0x00000000f6900000)
  from space 41472K, 80% used [0x00000000f6900000,0x00000000f89b2ec8,0x00000000f9180000)
  to   space 45056K, 0% used [0x00000000fc000000,0x00000000fc000000,0x00000000fec00000)
 ParOldGen       total 195584K, used 76080K [0x00000000c0000000, 0x00000000cbf00000, 0x00000000eab00000)
  object space 195584K, 38% used [0x00000000c0000000,0x00000000c4a4c328,0x00000000cbf00000)
 Metaspace       used 54258K, capacity 57724K, committed 57768K, reserved 1097728K
  class space    used 8084K, capacity 9126K, committed 9136K, reserved 1048576K
Event: 29.414 GC heap after
Heap after GC invocations=14 (full 2):
 PSYoungGen      total 276992K, used 41712K [0x00000000eab00000, 0x00000000ff080000, 0x0000000100000000)
  eden space 231936K, 0% used [0x00000000eab00000,0x00000000eab00000,0x00000000f8d80000)
  from space 45056K, 92% used [0x00000000fc000000,0x00000000fe8bc120,0x00000000fec00000)
  to   space 50688K, 0% used [0x00000000f8d80000,0x00000000f8d80000,0x00000000fbf00000)
 ParOldGen       total 195584K, used 76088K [0x00000000c0000000, 0x00000000cbf00000, 0x00000000eab00000)
  object space 195584K, 38% used [0x00000000c0000000,0x00000000c4a4e328,0x00000000cbf00000)
 Metaspace       used 54258K, capacity 57724K, committed 57768K, reserved 1097728K
  class space    used 8084K, capacity 9126K, committed 9136K, reserved 1048576K
}
Event: 36.051 GC heap before
{Heap before GC invocations=15 (full 2):
 PSYoungGen      total 276992K, used 196730K [0x00000000eab00000, 0x00000000ff080000, 0x0000000100000000)
  eden space 231936K, 66% used [0x00000000eab00000,0x00000000f4262a00,0x00000000f8d80000)
  from space 45056K, 92% used [0x00000000fc000000,0x00000000fe8bc120,0x00000000fec00000)
  to   space 50688K, 0% used [0x00000000f8d80000,0x00000000f8d80000,0x00000000fbf00000)
 ParOldGen       total 195584K, used 76088K [0x00000000c0000000, 0x00000000cbf00000, 0x00000000eab00000)
  object space 195584K, 38% used [0x00000000c0000000,0x00000000c4a4e328,0x00000000cbf00000)
 Metaspace       used 55565K, capacity 59112K, committed 59160K, reserved 1099776K
  class space    used 8236K, capacity 9344K, committed 9392K, reserved 1048576K
Event: 36.076 GC heap after
Heap after GC invocations=15 (full 2):
 PSYoungGen      total 282624K, used 43591K [0x00000000eab00000, 0x0000000100000000, 0x0000000100000000)
  eden space 231936K, 0% used [0x00000000eab00000,0x00000000eab00000,0x00000000f8d80000)
  from space 50688K, 85% used [0x00000000f8d80000,0x00000000fb811c58,0x00000000fbf00000)
  to   space 55808K, 0% used [0x00000000fc980000,0x00000000fc980000,0x0000000100000000)
 ParOldGen       total 195584K, used 76096K [0x00000000c0000000, 0x00000000cbf00000, 0x00000000eab00000)
  object space 195584K, 38% used [0x00000000c0000000,0x00000000c4a50328,0x00000000cbf00000)
 Metaspace       used 55565K, capacity 59112K, committed 59160K, reserved 1099776K
  class space    used 8236K, capacity 9344K, committed 9392K, reserved 1048576K
}
Event: 36.076 GC heap before
{Heap before GC invocations=16 (full 3):
 PSYoungGen      total 282624K, used 43591K [0x00000000eab00000, 0x0000000100000000, 0x0000000100000000)
  eden space 231936K, 0% used [0x00000000eab00000,0x00000000eab00000,0x00000000f8d80000)
  from space 50688K, 85% used [0x00000000f8d80000,0x00000000fb811c58,0x00000000fbf00000)
  to   space 55808K, 0% used [0x00000000fc980000,0x00000000fc980000,0x0000000100000000)
 ParOldGen       total 195584K, used 76096K [0x00000000c0000000, 0x00000000cbf00000, 0x00000000eab00000)
  object space 195584K, 38% used [0x00000000c0000000,0x00000000c4a50328,0x00000000cbf00000)
 Metaspace       used 55565K, capacity 59112K, committed 59160K, reserved 1099776K
  class space    used 8236K, capacity 9344K, committed 9392K, reserved 1048576K
Event: 36.359 GC heap after
Heap after GC invocations=16 (full 3):
 PSYoungGen      total 282624K, used 0K [0x00000000eab00000, 0x0000000100000000, 0x0000000100000000)
  eden space 231936K, 0% used [0x00000000eab00000,0x00000000eab00000,0x00000000f8d80000)
  from space 50688K, 0% used [0x00000000f8d80000,0x00000000f8d80000,0x00000000fbf00000)
  to   space 55808K, 0% used [0x00000000fc980000,0x00000000fc980000,0x0000000100000000)
 ParOldGen       total 361472K, used 109249K [0x00000000c0000000, 0x00000000d6100000, 0x00000000eab00000)
  object space 361472K, 30% used [0x00000000c0000000,0x00000000c6ab0798,0x00000000d6100000)
 Metaspace       used 55565K, capacity 59112K, committed 59160K, reserved 1099776K
  class space    used 8236K, capacity 9344K, committed 9392K, reserved 1048576K
}

