# JRE version: Java(TM) SE Runtime Environment (8.0_121-b13) (build 1.8.0_121-b13)
# Java VM: Java HotSpot(TM) 64-Bit Server VM (25.121-b13 mixed mode bsd-amd64 compressed oops)
Heap:
 PSYoungGen      total 252416K, used 58588K [0x0000000795580000, 0x00000007abe80000, 0x00000007c0000000)
  eden space 192512K, 30% used [0x0000000795580000,0x0000000798eb7010,0x00000007a1180000)
  from space 59904K, 0% used [0x00000007a1180000,0x00000007a1180000,0x00000007a4c00000)
  to   space 62464K, 0% used [0x00000007a8180000,0x00000007a8180000,0x00000007abe80000)
 ParOldGen       total 180736K, used 62069K [0x0000000740000000, 0x000000074b080000, 0x0000000795580000)
  object space 180736K, 34% used [0x0000000740000000,0x0000000743c9d578,0x000000074b080000)
 Metaspace       used 56439K, capacity 56916K, committed 57088K, reserved 1097728K
  class space    used 8704K, capacity 8856K, committed 8960K, reserved 1048576K
GC Heap History (10 events):
Event: 32.046 GC heap before
{Heap before GC invocations=10 (full 2):
 PSYoungGen      total 143872K, used 120320K [0x0000000795580000, 0x00000007a6000000, 0x00000007c0000000)
  eden space 120320K, 100% used [0x0000000795580000,0x000000079cb00000,0x000000079cb00000)
  from space 23552K, 0% used [0x000000079cb00000,0x000000079cb00000,0x000000079e200000)
  to   space 27136K, 0% used [0x00000007a4580000,0x00000007a4580000,0x00000007a6000000)
 ParOldGen       total 117248K, used 38751K [0x0000000740000000, 0x0000000747280000, 0x0000000795580000)
  object space 117248K, 33% used [0x0000000740000000,0x00000007425d7f38,0x0000000747280000)
 Metaspace       used 41828K, capacity 42238K, committed 42496K, reserved 1085440K
  class space    used 6675K, capacity 6795K, committed 6912K, reserved 1048576K
Event: 32.094 GC heap after
Heap after GC invocations=10 (full 2):
 PSYoungGen      total 197120K, used 27110K [0x0000000795580000, 0x00000007a6000000, 0x00000007c0000000)
  eden space 169984K, 0% used [0x0000000795580000,0x0000000795580000,0x000000079fb80000)
  from space 27136K, 99% used [0x00000007a4580000,0x00000007a5ff9af8,0x00000007a6000000)
  to   space 33792K, 0% used [0x00000007a1e00000,0x00000007a1e00000,0x00000007a3f00000)
 ParOldGen       total 117248K, used 42105K [0x0000000740000000, 0x0000000747280000, 0x0000000795580000)
  object space 117248K, 35% used [0x0000000740000000,0x000000074291e5c8,0x0000000747280000)
 Metaspace       used 41828K, capacity 42238K, committed 42496K, reserved 1085440K
  class space    used 6675K, capacity 6795K, committed 6912K, reserved 1048576K
}
Event: 42.433 GC heap before
{Heap before GC invocations=11 (full 2):
 PSYoungGen      total 197120K, used 197094K [0x0000000795580000, 0x00000007a6000000, 0x00000007c0000000)
  eden space 169984K, 100% used [0x0000000795580000,0x000000079fb80000,0x000000079fb80000)
  from space 27136K, 99% used [0x00000007a4580000,0x00000007a5ff9af8,0x00000007a6000000)
  to   space 33792K, 0% used [0x00000007a1e00000,0x00000007a1e00000,0x00000007a3f00000)
 ParOldGen       total 117248K, used 42105K [0x0000000740000000, 0x0000000747280000, 0x0000000795580000)
  object space 117248K, 35% used [0x0000000740000000,0x000000074291e5c8,0x0000000747280000)
 Metaspace       used 46725K, capacity 47108K, committed 47488K, reserved 1089536K
  class space    used 7363K, capacity 7500K, committed 7552K, reserved 1048576K
Event: 42.535 GC heap after
Heap after GC invocations=11 (full 2):
 PSYoungGen      total 239104K, used 33786K [0x0000000795580000, 0x00000007a7580000, 0x00000007c0000000)
  eden space 205312K, 0% used [0x0000000795580000,0x0000000795580000,0x00000007a1e00000)
  from space 33792K, 99% used [0x00000007a1e00000,0x00000007a3efeb88,0x00000007a3f00000)
  to   space 42496K, 0% used [0x00000007a4c00000,0x00000007a4c00000,0x00000007a7580000)
 ParOldGen       total 117248K, used 49678K [0x0000000740000000, 0x0000000747280000, 0x0000000795580000)
  object space 117248K, 42% used [0x0000000740000000,0x0000000743083a90,0x0000000747280000)
 Metaspace       used 46725K, capacity 47108K, committed 47488K, reserved 1089536K
  class space    used 7363K, capacity 7500K, committed 7552K, reserved 1048576K
}
Event: 64.678 GC heap before
{Heap before GC invocations=12 (full 2):
 PSYoungGen      total 239104K, used 239098K [0x0000000795580000, 0x00000007a7580000, 0x00000007c0000000)
  eden space 205312K, 100% used [0x0000000795580000,0x00000007a1e00000,0x00000007a1e00000)
  from space 33792K, 99% used [0x00000007a1e00000,0x00000007a3efeb88,0x00000007a3f00000)
  to   space 42496K, 0% used [0x00000007a4c00000,0x00000007a4c00000,0x00000007a7580000)
 ParOldGen       total 117248K, used 49678K [0x0000000740000000, 0x0000000747280000, 0x0000000795580000)
  object space 117248K, 42% used [0x0000000740000000,0x0000000743083a90,0x0000000747280000)
 Metaspace       used 54942K, capacity 55412K, committed 55552K, reserved 1095680K
  class space    used 8527K, capacity 8696K, committed 8704K, reserved 1048576K
Event: 64.797 GC heap after
Heap after GC invocations=12 (full 2):
 PSYoungGen      total 235008K, used 42482K [0x0000000795580000, 0x00000007abd80000, 0x00000007c0000000)
  eden space 192512K, 0% used [0x0000000795580000,0x0000000795580000,0x00000007a1180000)
  from space 42496K, 99% used [0x00000007a4c00000,0x00000007a757cb38,0x00000007a7580000)
  to   space 59904K, 0% used [0x00000007a1180000,0x00000007a1180000,0x00000007a4c00000)
 ParOldGen       total 117248K, used 77969K [0x0000000740000000, 0x0000000747280000, 0x0000000795580000)
  object space 117248K, 66% used [0x0000000740000000,0x0000000744c246b0,0x0000000747280000)
 Metaspace       used 54942K, capacity 55412K, committed 55552K, reserved 1095680K
  class space    used 8527K, capacity 8696K, committed 8704K, reserved 1048576K
}
Event: 74.930 GC heap before
{Heap before GC invocations=13 (full 2):
 PSYoungGen      total 235008K, used 234994K [0x0000000795580000, 0x00000007abd80000, 0x00000007c0000000)
  eden space 192512K, 100% used [0x0000000795580000,0x00000007a1180000,0x00000007a1180000)
  from space 42496K, 99% used [0x00000007a4c00000,0x00000007a757cb38,0x00000007a7580000)
  to   space 59904K, 0% used [0x00000007a1180000,0x00000007a1180000,0x00000007a4c00000)
 ParOldGen       total 117248K, used 77969K [0x0000000740000000, 0x0000000747280000, 0x0000000795580000)
  object space 117248K, 66% used [0x0000000740000000,0x0000000744c246b0,0x0000000747280000)
 Metaspace       used 56175K, capacity 56628K, committed 56704K, reserved 1097728K
  class space    used 8663K, capacity 8824K, committed 8832K, reserved 1048576K
Event: 75.285 GC heap after
Heap after GC invocations=13 (full 2):
 PSYoungGen      total 252416K, used 39381K [0x0000000795580000, 0x00000007abe80000, 0x00000007c0000000)
  eden space 192512K, 0% used [0x0000000795580000,0x0000000795580000,0x00000007a1180000)
  from space 59904K, 65% used [0x00000007a1180000,0x00000007a37f5780,0x00000007a4c00000)
  to   space 62464K, 0% used [0x00000007a8180000,0x00000007a8180000,0x00000007abe80000)
 ParOldGen       total 120320K, used 120278K [0x0000000740000000, 0x0000000747580000, 0x0000000795580000)
  object space 120320K, 99% used [0x0000000740000000,0x00000007475758e8,0x0000000747580000)
 Metaspace       used 56175K, capacity 56628K, committed 56704K, reserved 1097728K
  class space    used 8663K, capacity 8824K, committed 8832K, reserved 1048576K
}
Event: 75.285 GC heap before
{Heap before GC invocations=14 (full 3):
 PSYoungGen      total 252416K, used 39381K [0x0000000795580000, 0x00000007abe80000, 0x00000007c0000000)
  eden space 192512K, 0% used [0x0000000795580000,0x0000000795580000,0x00000007a1180000)
  from space 59904K, 65% used [0x00000007a1180000,0x00000007a37f5780,0x00000007a4c00000)
  to   space 62464K, 0% used [0x00000007a8180000,0x00000007a8180000,0x00000007abe80000)
 ParOldGen       total 120320K, used 120278K [0x0000000740000000, 0x0000000747580000, 0x0000000795580000)
  object space 120320K, 99% used [0x0000000740000000,0x00000007475758e8,0x0000000747580000)
 Metaspace       used 56175K, capacity 56628K, committed 56704K, reserved 1097728K
  class space    used 8663K, capacity 8824K, committed 8832K, reserved 1048576K
Event: 76.203 GC heap after
Heap after GC invocations=14 (full 3):
 PSYoungGen      total 252416K, used 0K [0x0000000795580000, 0x00000007abe80000, 0x00000007c0000000)
  eden space 192512K, 0% used [0x0000000795580000,0x0000000795580000,0x00000007a1180000)
  from space 59904K, 0% used [0x00000007a1180000,0x00000007a1180000,0x00000007a4c00000)
  to   space 62464K, 0% used [0x00000007a8180000,0x00000007a8180000,0x00000007abe80000)
 ParOldGen       total 180736K, used 62069K [0x0000000740000000, 0x000000074b080000, 0x0000000795580000)
  object space 180736K, 34% used [0x0000000740000000,0x0000000743c9d578,0x000000074b080000)
 Metaspace       used 56175K, capacity 56628K, committed 56704K, reserved 1097728K
  class space    used 8663K, capacity 8824K, committed 8832K, reserved 1048576K
}

