# JRE version: Java(TM) SE Runtime Environment (8.0_144-b01) (build 1.8.0_144-b01)
# Java VM: Java HotSpot(TM) 64-Bit Server VM (25.144-b01 mixed mode windows-amd64 compressed oops)
Heap:
 PSYoungGen      total 6656K, used 4510K [0x000000076b400000, 0x000000076bb00000, 0x00000007c0000000)
  eden space 6144K, 73% used [0x000000076b400000,0x000000076b8695f8,0x000000076ba00000)
  from space 512K, 0% used [0x000000076ba80000,0x000000076ba80000,0x000000076bb00000)
  to   space 512K, 0% used [0x000000076ba00000,0x000000076ba00000,0x000000076ba80000)
 ParOldGen       total 7168K, used 5227K [0x00000006c1c00000, 0x00000006c2300000, 0x000000076b400000)
  object space 7168K, 72% used [0x00000006c1c00000,0x00000006c211ae38,0x00000006c2300000)
 Metaspace       used 7175K, capacity 8020K, committed 8192K, reserved 1056768K
  class space    used 877K, capacity 912K, committed 1024K, reserved 1048576K
GC Heap History (10 events):
Event: 0.204 GC heap before
{Heap before GC invocations=3 (full 0):
 PSYoungGen      total 3584K, used 3552K [0x000000076b400000, 0x000000076b800000, 0x00000007c0000000)
  eden space 3072K, 100% used [0x000000076b400000,0x000000076b700000,0x000000076b700000)
  from space 512K, 93% used [0x000000076b780000,0x000000076b7f8020,0x000000076b800000)
  to   space 512K, 0% used [0x000000076b700000,0x000000076b700000,0x000000076b780000)
 ParOldGen       total 5632K, used 180K [0x00000006c1c00000, 0x00000006c2180000, 0x000000076b400000)
  object space 5632K, 3% used [0x00000006c1c00000,0x00000006c1c2d030,0x00000006c2180000)
 Metaspace       used 5284K, capacity 6356K, committed 6656K, reserved 1056768K
  class space    used 645K, capacity 656K, committed 768K, reserved 1048576K
Event: 0.206 GC heap after
Heap after GC invocations=3 (full 0):
 PSYoungGen      total 3584K, used 480K [0x000000076b400000, 0x000000076bb00000, 0x00000007c0000000)
  eden space 3072K, 0% used [0x000000076b400000,0x000000076b400000,0x000000076b700000)
  from space 512K, 93% used [0x000000076b700000,0x000000076b778020,0x000000076b780000)
  to   space 512K, 0% used [0x000000076ba80000,0x000000076ba80000,0x000000076bb00000)
 ParOldGen       total 5632K, used 540K [0x00000006c1c00000, 0x00000006c2180000, 0x000000076b400000)
  object space 5632K, 9% used [0x00000006c1c00000,0x00000006c1c87040,0x00000006c2180000)
 Metaspace       used 5284K, capacity 6356K, committed 6656K, reserved 1056768K
  class space    used 645K, capacity 656K, committed 768K, reserved 1048576K
}
Event: 0.267 GC heap before
{Heap before GC invocations=4 (full 0):
 PSYoungGen      total 3584K, used 3541K [0x000000076b400000, 0x000000076bb00000, 0x00000007c0000000)
  eden space 3072K, 99% used [0x000000076b400000,0x000000076b6fd410,0x000000076b700000)
  from space 512K, 93% used [0x000000076b700000,0x000000076b778020,0x000000076b780000)
  to   space 512K, 0% used [0x000000076ba80000,0x000000076ba80000,0x000000076bb00000)
 ParOldGen       total 5632K, used 540K [0x00000006c1c00000, 0x00000006c2180000, 0x000000076b400000)
  object space 5632K, 9% used [0x00000006c1c00000,0x00000006c1c87040,0x00000006c2180000)
 Metaspace       used 6389K, capacity 7444K, committed 7552K, reserved 1056768K
  class space    used 797K, capacity 848K, committed 896K, reserved 1048576K
Event: 0.271 GC heap after
Heap after GC invocations=4 (full 0):
 PSYoungGen      total 6656K, used 480K [0x000000076b400000, 0x000000076bb00000, 0x00000007c0000000)
  eden space 6144K, 0% used [0x000000076b400000,0x000000076b400000,0x000000076ba00000)
  from space 512K, 93% used [0x000000076ba80000,0x000000076baf8020,0x000000076bb00000)
  to   space 512K, 0% used [0x000000076ba00000,0x000000076ba00000,0x000000076ba80000)
 ParOldGen       total 5632K, used 944K [0x00000006c1c00000, 0x00000006c2180000, 0x000000076b400000)
  object space 5632K, 16% used [0x00000006c1c00000,0x00000006c1cec050,0x00000006c2180000)
 Metaspace       used 6389K, capacity 7444K, committed 7552K, reserved 1056768K
  class space    used 797K, capacity 848K, committed 896K, reserved 1048576K
}
Event: 0.359 GC heap before
{Heap before GC invocations=5 (full 0):
 PSYoungGen      total 6656K, used 5869K [0x000000076b400000, 0x000000076bb00000, 0x00000007c0000000)
  eden space 6144K, 87% used [0x000000076b400000,0x000000076b9433f8,0x000000076ba00000)
  from space 512K, 93% used [0x000000076ba80000,0x000000076baf8020,0x000000076bb00000)
  to   space 512K, 0% used [0x000000076ba00000,0x000000076ba00000,0x000000076ba80000)
 ParOldGen       total 5632K, used 944K [0x00000006c1c00000, 0x00000006c2180000, 0x000000076b400000)
  object space 5632K, 16% used [0x00000006c1c00000,0x00000006c1cec050,0x00000006c2180000)
 Metaspace       used 7142K, capacity 8020K, committed 8192K, reserved 1056768K
  class space    used 877K, capacity 912K, committed 1024K, reserved 1048576K
Event: 0.363 GC heap after
Heap after GC invocations=5 (full 0):
 PSYoungGen      total 6656K, used 512K [0x000000076b400000, 0x000000076bb00000, 0x00000007c0000000)
  eden space 6144K, 0% used [0x000000076b400000,0x000000076b400000,0x000000076ba00000)
  from space 512K, 100% used [0x000000076ba00000,0x000000076ba80000,0x000000076ba80000)
  to   space 512K, 0% used [0x000000076ba80000,0x000000076ba80000,0x000000076bb00000)
 ParOldGen       total 5632K, used 2007K [0x00000006c1c00000, 0x00000006c2180000, 0x000000076b400000)
  object space 5632K, 35% used [0x00000006c1c00000,0x00000006c1df5ee8,0x00000006c2180000)
 Metaspace       used 7142K, capacity 8020K, committed 8192K, reserved 1056768K
  class space    used 877K, capacity 912K, committed 1024K, reserved 1048576K
}
Event: 0.404 GC heap before
{Heap before GC invocations=6 (full 0):
 PSYoungGen      total 6656K, used 6656K [0x000000076b400000, 0x000000076bb00000, 0x00000007c0000000)
  eden space 6144K, 100% used [0x000000076b400000,0x000000076ba00000,0x000000076ba00000)
  from space 512K, 100% used [0x000000076ba00000,0x000000076ba80000,0x000000076ba80000)
  to   space 512K, 0% used [0x000000076ba80000,0x000000076ba80000,0x000000076bb00000)
 ParOldGen       total 5632K, used 2007K [0x00000006c1c00000, 0x00000006c2180000, 0x000000076b400000)
  object space 5632K, 35% used [0x00000006c1c00000,0x00000006c1df5ee8,0x00000006c2180000)
 Metaspace       used 7171K, capacity 8020K, committed 8192K, reserved 1056768K
  class space    used 877K, capacity 912K, committed 1024K, reserved 1048576K
Event: 0.409 GC heap after
Heap after GC invocations=6 (full 0):
 PSYoungGen      total 6656K, used 512K [0x000000076b400000, 0x000000076bb00000, 0x00000007c0000000)
  eden space 6144K, 0% used [0x000000076b400000,0x000000076b400000,0x000000076ba00000)
  from space 512K, 100% used [0x000000076ba80000,0x000000076bb00000,0x000000076bb00000)
  to   space 512K, 0% used [0x000000076ba00000,0x000000076ba00000,0x000000076ba80000)
 ParOldGen       total 7168K, used 5675K [0x00000006c1c00000, 0x00000006c2300000, 0x000000076b400000)
  object space 7168K, 79% used [0x00000006c1c00000,0x00000006c218adc0,0x00000006c2300000)
 Metaspace       used 7171K, capacity 8020K, committed 8192K, reserved 1056768K
  class space    used 877K, capacity 912K, committed 1024K, reserved 1048576K
}
Event: 0.409 GC heap before
{Heap before GC invocations=7 (full 1):
 PSYoungGen      total 6656K, used 512K [0x000000076b400000, 0x000000076bb00000, 0x00000007c0000000)
  eden space 6144K, 0% used [0x000000076b400000,0x000000076b400000,0x000000076ba00000)
  from space 512K, 100% used [0x000000076ba80000,0x000000076bb00000,0x000000076bb00000)
  to   space 512K, 0% used [0x000000076ba00000,0x000000076ba00000,0x000000076ba80000)
 ParOldGen       total 7168K, used 5675K [0x00000006c1c00000, 0x00000006c2300000, 0x000000076b400000)
  object space 7168K, 79% used [0x00000006c1c00000,0x00000006c218adc0,0x00000006c2300000)
 Metaspace       used 7171K, capacity 8020K, committed 8192K, reserved 1056768K
  class space    used 877K, capacity 912K, committed 1024K, reserved 1048576K
Event: 0.446 GC heap after
Heap after GC invocations=7 (full 1):
 PSYoungGen      total 6656K, used 0K [0x000000076b400000, 0x000000076bb00000, 0x00000007c0000000)
  eden space 6144K, 0% used [0x000000076b400000,0x000000076b400000,0x000000076ba00000)
  from space 512K, 0% used [0x000000076ba80000,0x000000076ba80000,0x000000076bb00000)
  to   space 512K, 0% used [0x000000076ba00000,0x000000076ba00000,0x000000076ba80000)
 ParOldGen       total 7168K, used 5227K [0x00000006c1c00000, 0x00000006c2300000, 0x000000076b400000)
  object space 7168K, 72% used [0x00000006c1c00000,0x00000006c211ae38,0x00000006c2300000)
 Metaspace       used 7171K, capacity 8020K, committed 8192K, reserved 1056768K
  class space    used 877K, capacity 912K, committed 1024K, reserved 1048576K
}

